<?xml version="1.0" encoding="UTF-8"?>
<!-- Generated by org.testng.reporters.JUnitReportReporter -->
<testsuite skipped="0" hostname="Windows7-PC" name="com.GTPLBank.qa.testcases.LoginGTPLTest" tests="3" failures="0" timestamp="20 Sep 2020 18:31:38 GMT" time="32.666" errors="0">
  <testcase name="logiLogoTest" time="10.489" classname="com.GTPLBank.qa.testcases.LoginGTPLTest"/>
  <testcase name="loginPageTitleTest" time="8.874" classname="com.GTPLBank.qa.testcases.LoginGTPLTest"/>
  <testcase name="loginTest" time="13.303" classname="com.GTPLBank.qa.testcases.LoginGTPLTest"/>
</testsuite> <!-- com.GTPLBank.qa.testcases.LoginGTPLTest -->
