<?xml version="1.0" encoding="UTF-8"?>
<!-- Generated by org.testng.reporters.JUnitReportReporter -->
<testsuite skipped="0" hostname="Windows7-PC" name="com.GTPLBank.qa.testcases.LoginGTPLTest" tests="3" failures="0" timestamp="20 Sep 2020 17:15:05 GMT" time="75.546" errors="0">
  <testcase name="loginTest" time="35.966" classname="com.GTPLBank.qa.testcases.LoginGTPLTest"/>
  <testcase name="logiLogoTest" time="14.868" classname="com.GTPLBank.qa.testcases.LoginGTPLTest"/>
  <testcase name="loginPageTitleTest" time="24.712" classname="com.GTPLBank.qa.testcases.LoginGTPLTest"/>
</testsuite> <!-- com.GTPLBank.qa.testcases.LoginGTPLTest -->
