<?xml version="1.0" encoding="UTF-8"?>
<!-- Generated by org.testng.reporters.JUnitReportReporter -->
<testsuite skipped="1" hostname="Windows7-PC" name="com.GTPLBank.qa.testcases.NewCustomerGTPLTest" tests="1" failures="0" timestamp="22 Sep 2020 06:36:03 GMT" time="0.000" errors="0">
  <testcase name="newCust_entryTest" time="0.000" classname="com.GTPLBank.qa.testcases.NewCustomerGTPLTest">
    <skipped/>
  </testcase> <!-- newCust_entryTest -->
</testsuite> <!-- com.GTPLBank.qa.testcases.NewCustomerGTPLTest -->
