<?xml version="1.0" encoding="UTF-8"?>
<!-- Generated by org.testng.reporters.JUnitReportReporter -->
<testsuite skipped="0" hostname="Windows7-PC" name="com.GTPLBank.qa.testcases.LoginGTPLTest" tests="3" failures="0" timestamp="21 Sep 2020 05:35:54 GMT" time="32.011" errors="0">
  <testcase name="logiLogoTest" time="10.042" classname="com.GTPLBank.qa.testcases.LoginGTPLTest"/>
  <testcase name="loginPageTitleTest" time="9.019" classname="com.GTPLBank.qa.testcases.LoginGTPLTest"/>
  <testcase name="loginTest" time="12.950" classname="com.GTPLBank.qa.testcases.LoginGTPLTest"/>
</testsuite> <!-- com.GTPLBank.qa.testcases.LoginGTPLTest -->
