<?xml version="1.0" encoding="UTF-8"?>
<!-- Generated by org.testng.reporters.JUnitReportReporter -->
<testsuite skipped="0" hostname="Windows7-PC" name="com.GTPLBank.qa.testcases.HomePageGTPLTest" tests="4" failures="0" timestamp="21 Sep 2020 07:49:26 GMT" time="166.020" errors="0">
  <testcase name="PageloTest" time="39.763" classname="com.GTPLBank.qa.testcases.HomePageGTPLTest"/>
  <testcase name="pageTiteTest" time="49.375" classname="com.GTPLBank.qa.testcases.HomePageGTPLTest"/>
  <testcase name="UserRoleTest" time="13.278" classname="com.GTPLBank.qa.testcases.HomePageGTPLTest"/>
  <testcase name="newCustmLinkTest" time="63.604" classname="com.GTPLBank.qa.testcases.HomePageGTPLTest"/>
</testsuite> <!-- com.GTPLBank.qa.testcases.HomePageGTPLTest -->
